
Running 4 tests using 4 workers

  ✘  1 [mobile-chrome] › tests\e2e\url-encoder.spec.ts:4:2 › URL Encoder Tool › should load the page correctly (6.4s)
  ✘  3 [chromium] › tests\e2e\url-encoder.spec.ts:4:2 › URL Encoder Tool › should load the page correctly (6.4s)
  ✘  2 [chromium] › tests\e2e\url-encoder.spec.ts:11:2 › URL Encoder Tool › should encode and decode values correctly (30.1s)
  ✘  4 [mobile-chrome] › tests\e2e\url-encoder.spec.ts:11:2 › URL Encoder Tool › should encode and decode values correctly (30.1s)


  1) [chromium] › tests\e2e\url-encoder.spec.ts:4:2 › URL Encoder Tool › should load the page correctly 

    Error: [2mexpect([22m[31mpage[39m[2m).[22mtoHaveTitle[2m([22m[32mexpected[39m[2m)[22m failed

    Expected pattern: [32m/URLエンコード \/ デコード | CODE:LIFE Tools/[39m
    Received string:  [31m"404: Not Found"[39m
    Timeout: 5000ms

    Call log:
    [2m  - Expect "toHaveTitle" with timeout 5000ms[22m
    [2m    9 × unexpected value "404: Not Found"[22m


       at helpers\tool-page.ts:21

      19 |
      20 | 	async expectTitle(title: string) {
    > 21 | 		await expect(this.page).toHaveTitle(new RegExp(title));
         | 		                        ^
      22 | 	}
      23 |
      24 | 	async fillInput(text: string) {
        at ToolPage.expectTitle (D:\tools-codelife-cafe\tests\e2e\helpers\tool-page.ts:21:27)
        at D:\tools-codelife-cafe\tests\e2e\url-encoder.spec.ts:7:18

    attachment #1: screenshot (image/png) ──────────────────────────────────────────────────────────
    test-results\url-encoder-URL-Encoder-Tool-should-load-the-page-correctly-chromium\test-failed-1.png
    ────────────────────────────────────────────────────────────────────────────────────────────────

    Error Context: test-results\url-encoder-URL-Encoder-Tool-should-load-the-page-correctly-chromium\error-context.md

  2) [chromium] › tests\e2e\url-encoder.spec.ts:11:2 › URL Encoder Tool › should encode and decode values correctly 

    [31mTest timeout of 30000ms exceeded.[39m

    Error: locator.fill: Test timeout of 30000ms exceeded.
    Call log:
    [2m  - waiting for getByRole('textbox').first()[22m


      21 |
      22 | 		// test component mode encoding (default)
    > 23 | 		await inputArea.fill("https://example.com/検索?q=東京 天気");
         | 		                ^
      24 | 		await expect(outputArea).toHaveValue(
      25 | 			"https%3A%2F%2Fexample.com%2F%E6%A4%9C%E7%B4%A2%3Fq%3D%E6%9D%B1%E4%BA%AC%20%E5%A4%A9%E6%B0%97",
      26 | 		);
        at D:\tools-codelife-cafe\tests\e2e\url-encoder.spec.ts:23:19

    attachment #1: screenshot (image/png) ──────────────────────────────────────────────────────────
    test-results\url-encoder-URL-Encoder-To-3b683-and-decode-values-correctly-chromium\test-failed-1.png
    ────────────────────────────────────────────────────────────────────────────────────────────────

    Error Context: test-results\url-encoder-URL-Encoder-To-3b683-and-decode-values-correctly-chromium\error-context.md

  3) [mobile-chrome] › tests\e2e\url-encoder.spec.ts:4:2 › URL Encoder Tool › should load the page correctly 

    Error: [2mexpect([22m[31mpage[39m[2m).[22mtoHaveTitle[2m([22m[32mexpected[39m[2m)[22m failed

    Expected pattern: [32m/URLエンコード \/ デコード | CODE:LIFE Tools/[39m
    Received string:  [31m"404: Not Found"[39m
    Timeout: 5000ms

    Call log:
    [2m  - Expect "toHaveTitle" with timeout 5000ms[22m
    [2m    9 × unexpected value "404: Not Found"[22m


       at helpers\tool-page.ts:21

      19 |
      20 | 	async expectTitle(title: string) {
    > 21 | 		await expect(this.page).toHaveTitle(new RegExp(title));
         | 		                        ^
      22 | 	}
      23 |
      24 | 	async fillInput(text: string) {
        at ToolPage.expectTitle (D:\tools-codelife-cafe\tests\e2e\helpers\tool-page.ts:21:27)
        at D:\tools-codelife-cafe\tests\e2e\url-encoder.spec.ts:7:18

    attachment #1: screenshot (image/png) ──────────────────────────────────────────────────────────
    test-results\url-encoder-URL-Encoder-Tool-should-load-the-page-correctly-mobile-chrome\test-failed-1.png
    ────────────────────────────────────────────────────────────────────────────────────────────────

    Error Context: test-results\url-encoder-URL-Encoder-Tool-should-load-the-page-correctly-mobile-chrome\error-context.md

  4) [mobile-chrome] › tests\e2e\url-encoder.spec.ts:11:2 › URL Encoder Tool › should encode and decode values correctly 

    [31mTest timeout of 30000ms exceeded.[39m

    Error: locator.fill: Test timeout of 30000ms exceeded.
    Call log:
    [2m  - waiting for getByRole('textbox').first()[22m


      21 |
      22 | 		// test component mode encoding (default)
    > 23 | 		await inputArea.fill("https://example.com/検索?q=東京 天気");
         | 		                ^
      24 | 		await expect(outputArea).toHaveValue(
      25 | 			"https%3A%2F%2Fexample.com%2F%E6%A4%9C%E7%B4%A2%3Fq%3D%E6%9D%B1%E4%BA%AC%20%E5%A4%A9%E6%B0%97",
      26 | 		);
        at D:\tools-codelife-cafe\tests\e2e\url-encoder.spec.ts:23:19

    attachment #1: screenshot (image/png) ──────────────────────────────────────────────────────────
    test-results\url-encoder-URL-Encoder-To-3b683-and-decode-values-correctly-mobile-chrome\test-failed-1.png
    ────────────────────────────────────────────────────────────────────────────────────────────────

    Error Context: test-results\url-encoder-URL-Encoder-To-3b683-and-decode-values-correctly-mobile-chrome\error-context.md

  4 failed
    [chromium] › tests\e2e\url-encoder.spec.ts:4:2 › URL Encoder Tool › should load the page correctly 
    [chromium] › tests\e2e\url-encoder.spec.ts:11:2 › URL Encoder Tool › should encode and decode values correctly 
    [mobile-chrome] › tests\e2e\url-encoder.spec.ts:4:2 › URL Encoder Tool › should load the page correctly 
    [mobile-chrome] › tests\e2e\url-encoder.spec.ts:11:2 › URL Encoder Tool › should encode and decode values correctly 
